2024-12-12 03:23:45,569 INFO Watching for file changes with StatReloader 668 
2024-12-12 04:32:23,357 INFO /Users/tejthapa/Desktop/8. WORKSHOP/NCMT_PORTAL/ncmt/bca/views.py changed, reloading. 266 
2024-12-12 04:32:24,070 INFO Watching for file changes with StatReloader 668 
2024-12-12 04:33:25,022 INFO /Users/tejthapa/Desktop/8. WORKSHOP/NCMT_PORTAL/ncmt/bca/views.py changed, reloading. 266 
2024-12-12 04:33:25,647 INFO Watching for file changes with StatReloader 668 
2024-12-12 04:34:27,642 INFO /Users/tejthapa/Desktop/8. WORKSHOP/NCMT_PORTAL/ncmt/bca/views.py changed, reloading. 266 
2024-12-12 04:34:28,297 INFO Watching for file changes with StatReloader 668 
2024-12-12 04:34:42,509 INFO "GET /bca/ HTTP/1.1" 200 3417 212 
2024-12-12 04:34:43,064 INFO "GET /bca/ HTTP/1.1" 200 3417 212 
2024-12-12 04:34:43,847 INFO "GET /bca/bca80 HTTP/1.1" 200 7129 212 
2024-12-12 04:34:43,945 INFO "GET /bca/bca80 HTTP/1.1" 200 7129 212 
2024-12-12 04:34:47,597 ERROR Internal Server Error: /bca/formbca80 241 
Traceback (most recent call last):
  File "/Library/Frameworks/Python.framework/Versions/3.12/lib/python3.12/site-packages/django/core/handlers/exception.py", line 55, in inner
    response = get_response(request)
               ^^^^^^^^^^^^^^^^^^^^^
  File "/Library/Frameworks/Python.framework/Versions/3.12/lib/python3.12/site-packages/django/core/handlers/base.py", line 204, in _get_response
    self.check_response(response, callback)
  File "/Library/Frameworks/Python.framework/Versions/3.12/lib/python3.12/site-packages/django/core/handlers/base.py", line 332, in check_response
    raise ValueError(
ValueError: The view bca.views.formbca80 didn't return an HttpResponse object. It returned None instead.
2024-12-12 04:34:47,598 ERROR "GET /bca/formbca80 HTTP/1.1" 500 62927 212 
2024-12-12 04:34:47,639 ERROR Internal Server Error: /bca/formbca80 241 
Traceback (most recent call last):
  File "/Library/Frameworks/Python.framework/Versions/3.12/lib/python3.12/site-packages/django/core/handlers/exception.py", line 55, in inner
    response = get_response(request)
               ^^^^^^^^^^^^^^^^^^^^^
  File "/Library/Frameworks/Python.framework/Versions/3.12/lib/python3.12/site-packages/django/core/handlers/base.py", line 204, in _get_response
    self.check_response(response, callback)
  File "/Library/Frameworks/Python.framework/Versions/3.12/lib/python3.12/site-packages/django/core/handlers/base.py", line 332, in check_response
    raise ValueError(
ValueError: The view bca.views.formbca80 didn't return an HttpResponse object. It returned None instead.
2024-12-12 04:34:47,640 ERROR "GET /bca/formbca80 HTTP/1.1" 500 61877 212 
2024-12-12 04:35:34,492 INFO /Users/tejthapa/Desktop/8. WORKSHOP/NCMT_PORTAL/ncmt/bca/views.py changed, reloading. 266 
2024-12-12 04:35:35,180 INFO Watching for file changes with StatReloader 668 
2024-12-12 04:35:37,118 INFO "GET /bca/formbca80 HTTP/1.1" 200 5623 212 
2024-12-12 04:35:37,198 INFO "GET /bca/formbca80 HTTP/1.1" 200 5623 212 
2024-12-12 04:35:41,490 INFO "GET /bca/bca80 HTTP/1.1" 200 7129 212 
2024-12-12 04:35:41,582 INFO "GET /bca/bca80 HTTP/1.1" 200 7129 212 
2024-12-12 04:35:44,192 INFO "GET /bca/formbca80 HTTP/1.1" 200 5623 212 
2024-12-12 04:35:44,227 INFO "GET /bca/formbca80 HTTP/1.1" 200 5623 212 
2024-12-12 04:35:57,745 INFO "POST /bca/formbca80 HTTP/1.1" 302 0 212 
2024-12-12 04:35:57,800 INFO "GET /bca/bca80 HTTP/1.1" 200 8266 212 
2024-12-12 04:35:57,911 INFO "GET /bca/bca80 HTTP/1.1" 200 8157 212 
2024-12-12 04:36:13,103 INFO /Users/tejthapa/Desktop/8. WORKSHOP/NCMT_PORTAL/ncmt/bca/views.py changed, reloading. 266 
2024-12-12 04:36:14,390 INFO Watching for file changes with StatReloader 668 
2024-12-12 04:36:17,777 INFO "GET /bca/bca80 HTTP/1.1" 200 8157 212 
2024-12-12 04:36:17,905 INFO "GET /bca/bca80 HTTP/1.1" 200 8157 212 
2024-12-12 04:36:20,476 INFO "GET /bca/formbca80 HTTP/1.1" 200 5623 212 
2024-12-12 04:36:20,513 INFO "GET /bca/formbca80 HTTP/1.1" 200 5623 212 
2024-12-12 04:36:39,641 ERROR name 'fdjfkdjkj' is not defined 40 
Traceback (most recent call last):
  File "/Users/tejthapa/Desktop/8. WORKSHOP/NCMT_PORTAL/ncmt/bca/views.py", line 24, in formbca80
    fdjfkdjkj
NameError: name 'fdjfkdjkj' is not defined
2024-12-12 04:36:39,649 INFO "POST /bca/formbca80 HTTP/1.1" 200 5623 212 
2024-12-12 04:36:39,693 INFO "GET /bca/formbca80 HTTP/1.1" 200 5623 212 
2024-12-12 04:36:44,347 INFO "GET /bca/bca80 HTTP/1.1" 200 8157 212 
2024-12-12 04:36:44,456 INFO "GET /bca/bca80 HTTP/1.1" 200 8157 212 
2024-12-12 04:38:02,204 INFO "GET /bca/formbca80 HTTP/1.1" 200 5623 212 
2024-12-12 04:38:02,248 INFO "GET /bca/formbca80 HTTP/1.1" 200 5623 212 
2024-12-12 04:38:10,550 ERROR name 'fdjfkdjkj' is not defined 40 
Traceback (most recent call last):
  File "/Users/tejthapa/Desktop/8. WORKSHOP/NCMT_PORTAL/ncmt/bca/views.py", line 24, in formbca80
    fdjfkdjkj
NameError: name 'fdjfkdjkj' is not defined
2024-12-12 04:38:10,556 INFO "POST /bca/formbca80 HTTP/1.1" 200 5623 212 
2024-12-12 04:38:10,590 INFO "GET /bca/formbca80 HTTP/1.1" 200 5623 212 
2024-12-12 04:38:35,475 INFO /Users/tejthapa/Desktop/8. WORKSHOP/NCMT_PORTAL/ncmt/bca/views.py changed, reloading. 266 
2024-12-12 04:38:36,139 INFO Watching for file changes with StatReloader 668 
2024-12-12 04:38:47,359 INFO "POST /bca/formbca80 HTTP/1.1" 302 0 212 
2024-12-12 04:38:47,421 INFO "GET /bca/bca80 HTTP/1.1" 200 9292 212 
2024-12-12 04:38:47,534 INFO "GET /bca/bca80 HTTP/1.1" 200 9183 212 
2024-12-12 04:39:06,650 INFO "POST /bca/formbca80/delbca80/8 HTTP/1.1" 302 0 212 
2024-12-12 04:39:06,699 INFO "GET /bca/bca80 HTTP/1.1" 200 8155 212 
2024-12-12 04:39:06,803 INFO "GET /bca/bca80 HTTP/1.1" 200 8155 212 
2024-12-12 04:39:07,472 INFO "POST /bca/formbca80/delbca80/9 HTTP/1.1" 302 0 212 
2024-12-12 04:39:07,520 INFO "GET /bca/bca80 HTTP/1.1" 200 7129 212 
2024-12-12 04:39:07,611 INFO "GET /bca/bca80 HTTP/1.1" 200 7129 212 
2024-12-12 04:45:15,164 INFO /Users/tejthapa/Desktop/8. WORKSHOP/NCMT_PORTAL/ncmt/bca/views.py changed, reloading. 266 
2024-12-12 04:45:15,837 INFO Watching for file changes with StatReloader 668 
2024-12-12 04:45:36,338 INFO /Users/tejthapa/Desktop/8. WORKSHOP/NCMT_PORTAL/ncmt/bca/views.py changed, reloading. 266 
2024-12-12 04:45:37,020 INFO Watching for file changes with StatReloader 668 
2024-12-12 04:45:52,476 INFO /Users/tejthapa/Desktop/8. WORKSHOP/NCMT_PORTAL/ncmt/bca/views.py changed, reloading. 266 
2024-12-12 04:45:53,116 INFO Watching for file changes with StatReloader 668 
2024-12-12 04:46:12,624 INFO /Users/tejthapa/Desktop/8. WORKSHOP/NCMT_PORTAL/ncmt/bca/views.py changed, reloading. 266 
2024-12-12 04:46:13,363 INFO Watching for file changes with StatReloader 668 
2024-12-12 04:46:25,769 INFO /Users/tejthapa/Desktop/8. WORKSHOP/NCMT_PORTAL/ncmt/bca/views.py changed, reloading. 266 
2024-12-12 04:46:26,415 INFO Watching for file changes with StatReloader 668 
2024-12-12 04:46:38,836 INFO /Users/tejthapa/Desktop/8. WORKSHOP/NCMT_PORTAL/ncmt/bca/views.py changed, reloading. 266 
2024-12-12 04:46:39,465 INFO Watching for file changes with StatReloader 668 
2024-12-12 04:46:47,352 INFO "GET /bca/formbca80 HTTP/1.1" 200 5623 212 
2024-12-12 04:46:47,551 INFO "GET /bca/formbca80 HTTP/1.1" 200 5623 212 
2024-12-12 04:46:59,542 INFO "POST /bca/formbca80 HTTP/1.1" 302 0 212 
2024-12-12 04:46:59,604 INFO "GET /bca/bca80 HTTP/1.1" 200 8272 212 
2024-12-12 04:46:59,704 INFO "GET /bca/bca80 HTTP/1.1" 200 8161 212 
2024-12-12 06:04:38,086 INFO Watching for file changes with StatReloader 668 
2024-12-12 06:04:45,348 INFO "GET / HTTP/1.1" 200 9324 212 
2024-12-12 06:04:45,350 INFO "GET / HTTP/1.1" 200 9324 212 
2024-12-12 06:04:45,353 INFO "GET / HTTP/1.1" 200 9324 212 
2024-12-12 06:04:45,356 INFO "GET / HTTP/1.1" 200 9324 212 
2024-12-12 06:04:45,817 WARNING "GET /static/bootstrap/js/bootstrap.bundle.min.js HTTP/1.1" 404 1867 212 
2024-12-12 06:04:45,820 WARNING "GET /static/bootstrap/js/bootstrap.bundle.min.js HTTP/1.1" 404 1867 212 
2024-12-12 06:04:45,829 WARNING "GET /static/bootstrap/js/bootstrap.bundle.min.js HTTP/1.1" 404 1867 212 
2024-12-12 06:04:45,853 WARNING "GET /static/bootstrap/js/bootstrap.bundle.min.js HTTP/1.1" 404 1867 212 
2024-12-12 06:04:46,017 INFO "GET / HTTP/1.1" 200 9324 212 
2024-12-12 06:04:46,035 INFO "GET / HTTP/1.1" 200 9324 212 
2024-12-12 06:04:46,040 WARNING Not Found: /favicon.ico 241 
2024-12-12 06:04:46,041 WARNING "GET /favicon.ico HTTP/1.1" 404 2652 212 
2024-12-12 06:04:46,086 INFO "GET / HTTP/1.1" 200 9324 212 
2024-12-12 06:04:46,095 INFO "GET / HTTP/1.1" 200 9324 212 
2024-12-12 06:04:46,222 INFO "GET /static/images/ncmt.mp4 HTTP/1.1" 200 10430141 212 
2024-12-12 06:04:49,446 INFO "GET /csit/ HTTP/1.1" 200 3499 212 
2024-12-12 06:04:49,536 INFO "GET /csit/ HTTP/1.1" 200 3499 212 
2024-12-12 06:04:51,167 INFO "GET /csit/csit79 HTTP/1.1" 200 21052 212 
2024-12-12 06:04:51,247 INFO "GET /csit/csit79 HTTP/1.1" 200 21052 212 
2024-12-12 06:09:33,015 INFO /Users/tejthapa/Desktop/8. WORKSHOP/NCMT_PORTAL/ncmt/bca/views.py changed, reloading. 266 
2024-12-12 06:09:33,315 INFO Watching for file changes with StatReloader 668 
2024-12-12 06:14:01,988 INFO /Users/tejthapa/Desktop/8. WORKSHOP/NCMT_PORTAL/ncmt/bca/views.py changed, reloading. 266 
2024-12-12 06:14:02,315 INFO Watching for file changes with StatReloader 668 
2024-12-12 06:14:28,766 INFO /Users/tejthapa/Desktop/8. WORKSHOP/NCMT_PORTAL/ncmt/bca/views.py changed, reloading. 266 
2024-12-12 06:14:29,030 INFO Watching for file changes with StatReloader 668 
2024-12-12 10:57:12,381 INFO Watching for file changes with StatReloader 668 
2024-12-12 10:57:14,594 INFO "GET / HTTP/1.1" 200 9324 212 
2024-12-12 10:57:14,647 WARNING "GET /static/bootstrap/js/bootstrap.bundle.min.js HTTP/1.1" 404 1867 212 
2024-12-12 10:57:14,672 INFO "GET /static/images/ncmt.mp4 HTTP/1.1" 304 0 212 
2024-12-12 10:57:14,874 INFO "GET / HTTP/1.1" 200 9324 212 
2024-12-12 10:57:15,091 WARNING Not Found: /favicon.ico 241 
2024-12-12 10:57:15,091 WARNING "GET /favicon.ico HTTP/1.1" 404 2652 212 
2024-12-12 10:57:16,940 INFO "GET /bca/ HTTP/1.1" 200 3417 212 
2024-12-12 10:57:17,098 INFO "GET /bca/ HTTP/1.1" 200 3417 212 
2024-12-12 10:57:18,624 INFO "GET /bca/bca80 HTTP/1.1" 200 8161 212 
2024-12-12 10:57:18,698 INFO "GET /bca/bca80 HTTP/1.1" 200 8161 212 
2024-12-12 10:57:20,620 INFO "GET /bca/formbca80 HTTP/1.1" 200 5623 212 
2024-12-12 10:57:20,660 INFO "GET /bca/formbca80 HTTP/1.1" 200 5623 212 
2024-12-12 10:57:22,562 INFO "POST /bca/formbca80 HTTP/1.1" 302 0 212 
2024-12-12 10:57:22,605 INFO "GET /bca/bca80 HTTP/1.1" 200 9280 212 
2024-12-12 10:57:22,683 INFO "GET /bca/bca80 HTTP/1.1" 200 9169 212 
2024-12-12 10:57:27,560 INFO "POST /bca/formbca80/delbca80/11 HTTP/1.1" 302 0 212 
2024-12-12 10:57:27,601 INFO "GET /bca/bca80 HTTP/1.1" 200 8161 212 
2024-12-12 10:57:28,282 INFO "GET /bca/bca80 HTTP/1.1" 200 8161 212 
